Started GET "/" for 127.0.0.1 at 2023-08-23 08:14:24 +0300
  [1m[36mActiveRecord::SchemaMigration Pluck (7.2ms)[0m  [1m[34mSELECT "schema_migrations"."version" FROM "schema_migrations" ORDER BY "schema_migrations"."version" ASC[0m
Processing by UsersController#index as HTML
  Rendering layout layouts/application.html.erb
  Rendering users/index.html.erb within layouts/application
  [1m[36mUser Load (7.8ms)[0m  [1m[34mSELECT "users".* FROM "users"[0m
  ↳ app/views/users/index.html.erb:2
  Rendered collection of users/_user.html.erb [2 times] (Duration: 10.8ms | Allocations: 582)
  Rendered users/index.html.erb within layouts/application (Duration: 159.2ms | Allocations: 7205)
  Rendered layout layouts/application.html.erb (Duration: 2747.8ms | Allocations: 108064)
Completed 200 OK in 3492ms (Views: 2928.5ms | ActiveRecord: 27.7ms | Allocations: 118940)


Started GET "/users/2" for 127.0.0.1 at 2023-08-23 08:14:37 +0300
Processing by UsersController#show as HTML
  Parameters: {"id"=>"2"}
  [1m[36mUser Load (1.7ms)[0m  [1m[34mSELECT "users".* FROM "users" WHERE "users"."id" = $1 LIMIT $2[0m  [["id", 2], ["LIMIT", 1]]
  ↳ app/controllers/users_controller.rb:7:in `show'
  Rendering layout layouts/application.html.erb
  Rendering users/show.html.erb within layouts/application
  Rendered users/_user.html.erb (Duration: 8.0ms | Allocations: 275)
  [1m[36mPost Load (9.7ms)[0m  [1m[34mSELECT "posts".* FROM "posts" WHERE "posts"."author_id" = $1[0m  [["author_id", 2]]
  ↳ app/views/users/show.html.erb:13
  Rendered collection of posts/_post.html.erb [0 times] (Duration: 0.3ms | Allocations: 37)
  Rendered users/show.html.erb within layouts/application (Duration: 629.8ms | Allocations: 10940)
  Rendered layout layouts/application.html.erb (Duration: 670.6ms | Allocations: 13448)
Completed 200 OK in 764ms (Views: 658.7ms | ActiveRecord: 20.3ms | Allocations: 16597)


Started GET "/users/2" for 127.0.0.1 at 2023-08-23 08:14:46 +0300
Processing by UsersController#show as HTML
  Parameters: {"id"=>"2"}
  [1m[36mUser Load (1.0ms)[0m  [1m[34mSELECT "users".* FROM "users" WHERE "users"."id" = $1 LIMIT $2[0m  [["id", 2], ["LIMIT", 1]]
  ↳ app/controllers/users_controller.rb:7:in `show'
  Rendering layout layouts/application.html.erb
  Rendering users/show.html.erb within layouts/application
  Rendered users/_user.html.erb (Duration: 0.7ms | Allocations: 72)
  [1m[36mPost Load (1.1ms)[0m  [1m[34mSELECT "posts".* FROM "posts" WHERE "posts"."author_id" = $1[0m  [["author_id", 2]]
  ↳ app/views/users/show.html.erb:13
  Rendered collection of posts/_post.html.erb [0 times] (Duration: 0.2ms | Allocations: 19)
  Rendered users/show.html.erb within layouts/application (Duration: 10.2ms | Allocations: 1036)
  Rendered layout layouts/application.html.erb (Duration: 53.3ms | Allocations: 3502)
Completed 200 OK in 71ms (Views: 57.9ms | ActiveRecord: 2.1ms | Allocations: 4327)


Started GET "/users/2" for 127.0.0.1 at 2023-08-23 08:14:50 +0300
Processing by UsersController#show as HTML
  Parameters: {"id"=>"2"}
  [1m[36mUser Load (0.7ms)[0m  [1m[34mSELECT "users".* FROM "users" WHERE "users"."id" = $1 LIMIT $2[0m  [["id", 2], ["LIMIT", 1]]
  ↳ app/controllers/users_controller.rb:7:in `show'
  Rendering layout layouts/application.html.erb
  Rendering users/show.html.erb within layouts/application
  Rendered users/_user.html.erb (Duration: 0.4ms | Allocations: 72)
  [1m[36mPost Load (0.7ms)[0m  [1m[34mSELECT "posts".* FROM "posts" WHERE "posts"."author_id" = $1[0m  [["author_id", 2]]
  ↳ app/views/users/show.html.erb:13
  Rendered collection of posts/_post.html.erb [0 times] (Duration: 0.1ms | Allocations: 19)
  Rendered users/show.html.erb within layouts/application (Duration: 8.1ms | Allocations: 1036)
  Rendered layout layouts/application.html.erb (Duration: 70.7ms | Allocations: 3520)
Completed 200 OK in 82ms (Views: 72.2ms | ActiveRecord: 1.5ms | Allocations: 4343)


Started GET "/users/1" for 127.0.0.1 at 2023-08-23 08:15:01 +0300
Processing by UsersController#show as HTML
  Parameters: {"id"=>"1"}
  [1m[36mUser Load (0.7ms)[0m  [1m[34mSELECT "users".* FROM "users" WHERE "users"."id" = $1 LIMIT $2[0m  [["id", 1], ["LIMIT", 1]]
  ↳ app/controllers/users_controller.rb:7:in `show'
  Rendering layout layouts/application.html.erb
  Rendering users/show.html.erb within layouts/application
  Rendered users/_user.html.erb (Duration: 0.5ms | Allocations: 71)
  [1m[36mPost Load (0.7ms)[0m  [1m[34mSELECT "posts".* FROM "posts" WHERE "posts"."author_id" = $1[0m  [["author_id", 1]]
  ↳ app/views/users/show.html.erb:13
  Rendered collection of posts/_post.html.erb [1 times] (Duration: 21.8ms | Allocations: 290)
  Rendered users/show.html.erb within layouts/application (Duration: 147.4ms | Allocations: 4954)
  Rendered layout layouts/application.html.erb (Duration: 166.6ms | Allocations: 7445)
Completed 200 OK in 205ms (Views: 163.2ms | ActiveRecord: 7.9ms | Allocations: 8254)


Started GET "/users/1/posts/1" for 127.0.0.1 at 2023-08-23 08:15:06 +0300
Processing by PostsController#show as HTML
  Parameters: {"user_id"=>"1", "id"=>"1"}
  [1m[36mUser Load (0.8ms)[0m  [1m[34mSELECT "users".* FROM "users" WHERE "users"."id" = $1 LIMIT $2[0m  [["id", 1], ["LIMIT", 1]]
  ↳ app/controllers/posts_controller.rb:7:in `show'
  [1m[36mPost Load (0.8ms)[0m  [1m[34mSELECT "posts".* FROM "posts" WHERE "posts"."author_id" = $1 AND "posts"."id" = $2 LIMIT $3[0m  [["author_id", 1], ["id", 1], ["LIMIT", 1]]
  ↳ app/controllers/posts_controller.rb:7:in `show'
  Rendering layout layouts/application.html.erb
  Rendering posts/show.html.erb within layouts/application
  [1m[36mUser Load (0.9ms)[0m  [1m[34mSELECT "users".* FROM "users" WHERE "users"."id" = $1 LIMIT $2[0m  [["id", 1], ["LIMIT", 1]]
  ↳ app/views/posts/show.html.erb:4
  [1m[36mComment Load (9.2ms)[0m  [1m[34mSELECT "comments".* FROM "comments" WHERE "comments"."post_id" = $1 ORDER BY "comments"."created_at" DESC LIMIT $2[0m  [["post_id", 1], ["LIMIT", 5]]
  ↳ app/views/posts/show.html.erb:15
  [1m[36mCACHE User Load (0.1ms)[0m  [1m[34mSELECT "users".* FROM "users" WHERE "users"."id" = $1 LIMIT $2[0m  [["id", 1], ["LIMIT", 1]]
  ↳ app/views/posts/show.html.erb:16
  [1m[36mCACHE User Load (0.3ms)[0m  [1m[34mSELECT "users".* FROM "users" WHERE "users"."id" = $1 LIMIT $2[0m  [["id", 1], ["LIMIT", 1]]
  ↳ app/views/posts/show.html.erb:16
  [1m[36mUser Load (1.0ms)[0m  [1m[34mSELECT "users".* FROM "users" WHERE "users"."id" = $1 LIMIT $2[0m  [["id", 2], ["LIMIT", 1]]
  ↳ app/views/posts/show.html.erb:16
  [1m[36mCACHE User Load (0.1ms)[0m  [1m[34mSELECT "users".* FROM "users" WHERE "users"."id" = $1 LIMIT $2[0m  [["id", 2], ["LIMIT", 1]]
  ↳ app/views/posts/show.html.erb:16
  Rendered posts/show.html.erb within layouts/application (Duration: 311.2ms | Allocations: 12705)
  Rendered layout layouts/application.html.erb (Duration: 358.7ms | Allocations: 15282)
Completed 200 OK in 395ms (Views: 342.9ms | ActiveRecord: 34.5ms | Allocations: 17377)


Started GET "/users/1/posts" for 127.0.0.1 at 2023-08-23 08:42:23 +0300
Processing by PostsController#index as HTML
  Parameters: {"user_id"=>"1"}
  [1m[36mUser Load (5.3ms)[0m  [1m[34mSELECT "users".* FROM "users" WHERE "users"."id" = $1 LIMIT $2[0m  [["id", 1], ["LIMIT", 1]]
  ↳ app/controllers/posts_controller.rb:3:in `index'
  Rendering layout layouts/application.html.erb
  Rendering posts/index.html.erb within layouts/application
  Rendered users/_user.html.erb (Duration: 1.7ms | Allocations: 102)
  [1m[36mPost Load (8.4ms)[0m  [1m[34mSELECT "posts".* FROM "posts" WHERE "posts"."author_id" = $1[0m  [["author_id", 1]]
  ↳ app/views/posts/index.html.erb:5:in `each_with_index'
  Rendered posts/_post.html.erb (Duration: 4.8ms | Allocations: 259)
  [1m[36mComment Load (11.3ms)[0m  [1m[34mSELECT "comments".* FROM "comments" WHERE "comments"."post_id" = $1 ORDER BY "comments"."created_at" DESC LIMIT $2[0m  [["post_id", 1], ["LIMIT", 5]]
  ↳ app/views/posts/index.html.erb:10
  [1m[36mUser Load (1.8ms)[0m  [1m[34mSELECT "users".* FROM "users" WHERE "users"."id" = $1 LIMIT $2[0m  [["id", 1], ["LIMIT", 1]]
  ↳ app/views/posts/index.html.erb:11
  [1m[36mCACHE User Load (0.2ms)[0m  [1m[34mSELECT "users".* FROM "users" WHERE "users"."id" = $1 LIMIT $2[0m  [["id", 1], ["LIMIT", 1]]
  ↳ app/views/posts/index.html.erb:11
  [1m[36mUser Load (1.7ms)[0m  [1m[34mSELECT "users".* FROM "users" WHERE "users"."id" = $1 LIMIT $2[0m  [["id", 2], ["LIMIT", 1]]
  ↳ app/views/posts/index.html.erb:11
  [1m[36mCACHE User Load (0.1ms)[0m  [1m[34mSELECT "users".* FROM "users" WHERE "users"."id" = $1 LIMIT $2[0m  [["id", 2], ["LIMIT", 1]]
  ↳ app/views/posts/index.html.erb:11
  Rendered posts/index.html.erb within layouts/application (Duration: 217.8ms | Allocations: 5095)
  Rendered layout layouts/application.html.erb (Duration: 260.2ms | Allocations: 7556)
Completed 200 OK in 632ms (Views: 242.4ms | ActiveRecord: 70.8ms | Allocations: 11397)


  [1m[36mTRANSACTION (0.4ms)[0m  [1m[35mBEGIN[0m
  [1m[36mUser Create (2.6ms)[0m  [1m[32mINSERT INTO "users" ("name", "photo", "bio", "posts_count", "created_at", "updated_at") VALUES ($1, $2, $3, $4, $5, $6) RETURNING "id"[0m  [["name", "Jack"], ["photo", "https://unsplash.com/photos/F_-0BxGuVvo"], ["bio", "Teacher from Paris."], ["posts_count", 0], ["created_at", "2023-08-23 05:51:41.163411"], ["updated_at", "2023-08-23 05:51:41.163411"]]
  [1m[36mTRANSACTION (2.5ms)[0m  [1m[35mCOMMIT[0m
  [1m[36mTRANSACTION (0.8ms)[0m  [1m[35mBEGIN[0m
  [1m[36mPost Create (8.4ms)[0m  [1m[32mINSERT INTO "posts" ("author_id", "title", "text", "comments_counter", "likes_counter", "created_at", "updated_at") VALUES ($1, $2, $3, $4, $5, $6, $7) RETURNING "id"[0m  [["author_id", 3], ["title", "Good morning"], ["text", "This is the bignning"], ["comments_counter", 0], ["likes_counter", 0], ["created_at", "2023-08-23 05:52:08.765238"], ["updated_at", "2023-08-23 05:52:08.765238"]]
  [1m[36mPost Count (6.7ms)[0m  [1m[34mSELECT COUNT(*) FROM "posts" WHERE "posts"."author_id" = $1[0m  [["author_id", 3]]
  [1m[36mUser Update (5.0ms)[0m  [1m[33mUPDATE "users" SET "posts_count" = $1, "updated_at" = $2 WHERE "users"."id" = $3[0m  [["posts_count", 1], ["updated_at", "2023-08-23 05:52:08.945823"], ["id", 3]]
  [1m[36mTRANSACTION (1.6ms)[0m  [1m[35mCOMMIT[0m
  [1m[36mTRANSACTION (0.7ms)[0m  [1m[35mBEGIN[0m
  [1m[36mComment Create (5.7ms)[0m  [1m[32mINSERT INTO "comments" ("author_id", "post_id", "text", "created_at", "updated_at") VALUES ($1, $2, $3, $4, $5) RETURNING "id"[0m  [["author_id", 3], ["post_id", 2], ["text", "Guys feel free to leave your comments here!"], ["created_at", "2023-08-23 05:52:29.225314"], ["updated_at", "2023-08-23 05:52:29.225314"]]
  [1m[36mComment Count (7.2ms)[0m  [1m[34mSELECT COUNT(*) FROM "comments" WHERE "comments"."post_id" = $1[0m  [["post_id", 2]]
  [1m[36mPost Update (3.6ms)[0m  [1m[33mUPDATE "posts" SET "comments_counter" = $1, "updated_at" = $2 WHERE "posts"."id" = $3[0m  [["comments_counter", 1], ["updated_at", "2023-08-23 05:52:29.256234"], ["id", 2]]
  [1m[36mTRANSACTION (3.9ms)[0m  [1m[35mCOMMIT[0m
Started GET "/" for 127.0.0.1 at 2023-08-23 08:53:19 +0300
Processing by UsersController#index as HTML
  Rendering layout layouts/application.html.erb
  Rendering users/index.html.erb within layouts/application
  [1m[36mUser Load (6.1ms)[0m  [1m[34mSELECT "users".* FROM "users"[0m
  ↳ app/views/users/index.html.erb:2
  Rendered collection of users/_user.html.erb [3 times] (Duration: 2.6ms | Allocations: 186)
  Rendered users/index.html.erb within layouts/application (Duration: 298.0ms | Allocations: 3836)
  Rendered layout layouts/application.html.erb (Duration: 339.0ms | Allocations: 6314)
Completed 200 OK in 348ms (Views: 294.4ms | ActiveRecord: 48.5ms | Allocations: 6603)


Started GET "/users/1" for 127.0.0.1 at 2023-08-23 08:53:36 +0300
Processing by UsersController#show as HTML
  Parameters: {"id"=>"1"}
  [1m[36mUser Load (0.6ms)[0m  [1m[34mSELECT "users".* FROM "users" WHERE "users"."id" = $1 LIMIT $2[0m  [["id", 1], ["LIMIT", 1]]
  ↳ app/controllers/users_controller.rb:7:in `show'
  Rendering layout layouts/application.html.erb
  Rendering users/show.html.erb within layouts/application
  Rendered users/_user.html.erb (Duration: 0.4ms | Allocations: 71)
  [1m[36mPost Load (4.2ms)[0m  [1m[34mSELECT "posts".* FROM "posts" WHERE "posts"."author_id" = $1[0m  [["author_id", 1]]
  ↳ app/views/users/show.html.erb:13
  Rendered collection of posts/_post.html.erb [1 times] (Duration: 0.5ms | Allocations: 71)
  Rendered users/show.html.erb within layouts/application (Duration: 13.0ms | Allocations: 1124)
  Rendered layout layouts/application.html.erb (Duration: 32.7ms | Allocations: 3588)
Completed 200 OK in 45ms (Views: 30.9ms | ActiveRecord: 5.3ms | Allocations: 4425)


Started GET "/users/1/posts/1" for 127.0.0.1 at 2023-08-23 08:53:47 +0300
Processing by PostsController#show as HTML
  Parameters: {"user_id"=>"1", "id"=>"1"}
  [1m[36mUser Load (0.8ms)[0m  [1m[34mSELECT "users".* FROM "users" WHERE "users"."id" = $1 LIMIT $2[0m  [["id", 1], ["LIMIT", 1]]
  ↳ app/controllers/posts_controller.rb:7:in `show'
  [1m[36mPost Load (0.8ms)[0m  [1m[34mSELECT "posts".* FROM "posts" WHERE "posts"."author_id" = $1 AND "posts"."id" = $2 LIMIT $3[0m  [["author_id", 1], ["id", 1], ["LIMIT", 1]]
  ↳ app/controllers/posts_controller.rb:7:in `show'
  Rendering layout layouts/application.html.erb
  Rendering posts/show.html.erb within layouts/application
  [1m[36mUser Load (0.8ms)[0m  [1m[34mSELECT "users".* FROM "users" WHERE "users"."id" = $1 LIMIT $2[0m  [["id", 1], ["LIMIT", 1]]
  ↳ app/views/posts/show.html.erb:4
  [1m[36mComment Load (5.4ms)[0m  [1m[34mSELECT "comments".* FROM "comments" WHERE "comments"."post_id" = $1 ORDER BY "comments"."created_at" DESC LIMIT $2[0m  [["post_id", 1], ["LIMIT", 5]]
  ↳ app/views/posts/show.html.erb:15
  [1m[36mCACHE User Load (0.0ms)[0m  [1m[34mSELECT "users".* FROM "users" WHERE "users"."id" = $1 LIMIT $2[0m  [["id", 1], ["LIMIT", 1]]
  ↳ app/views/posts/show.html.erb:16
  [1m[36mCACHE User Load (0.0ms)[0m  [1m[34mSELECT "users".* FROM "users" WHERE "users"."id" = $1 LIMIT $2[0m  [["id", 1], ["LIMIT", 1]]
  ↳ app/views/posts/show.html.erb:16
  [1m[36mUser Load (0.8ms)[0m  [1m[34mSELECT "users".* FROM "users" WHERE "users"."id" = $1 LIMIT $2[0m  [["id", 2], ["LIMIT", 1]]
  ↳ app/views/posts/show.html.erb:16
  [1m[36mCACHE User Load (0.0ms)[0m  [1m[34mSELECT "users".* FROM "users" WHERE "users"."id" = $1 LIMIT $2[0m  [["id", 2], ["LIMIT", 1]]
  ↳ app/views/posts/show.html.erb:16
  Rendered posts/show.html.erb within layouts/application (Duration: 34.8ms | Allocations: 4179)
  Rendered layout layouts/application.html.erb (Duration: 54.9ms | Allocations: 6656)
Completed 200 OK in 73ms (Views: 50.1ms | ActiveRecord: 8.6ms | Allocations: 8277)


  [1m[36mTRANSACTION (0.7ms)[0m  [1m[35mBEGIN[0m
  [1m[36mUser Create (4.1ms)[0m  [1m[32mINSERT INTO "users" ("name", "photo", "bio", "posts_count", "created_at", "updated_at") VALUES ($1, $2, $3, $4, $5, $6) RETURNING "id"[0m  [["name", "Jhon"], ["photo", "https://unsplash.com/photos/F_-0BxGuVvo"], ["bio", "Teacher from Paris."], ["posts_count", 0], ["created_at", "2023-08-23 05:56:55.403083"], ["updated_at", "2023-08-23 05:56:55.403083"]]
  [1m[36mTRANSACTION (5.3ms)[0m  [1m[35mCOMMIT[0m
  [1m[36mTRANSACTION (0.7ms)[0m  [1m[35mBEGIN[0m
  [1m[36mPost Create (7.7ms)[0m  [1m[32mINSERT INTO "posts" ("author_id", "title", "text", "comments_counter", "likes_counter", "created_at", "updated_at") VALUES ($1, $2, $3, $4, $5, $6, $7) RETURNING "id"[0m  [["author_id", 4], ["title", "Good morning"], ["text", "This is the bignning"], ["comments_counter", 0], ["likes_counter", 0], ["created_at", "2023-08-23 05:57:20.716281"], ["updated_at", "2023-08-23 05:57:20.716281"]]
  [1m[36mPost Count (6.3ms)[0m  [1m[34mSELECT COUNT(*) FROM "posts" WHERE "posts"."author_id" = $1[0m  [["author_id", 4]]
  [1m[36mUser Update (1.9ms)[0m  [1m[33mUPDATE "users" SET "posts_count" = $1, "updated_at" = $2 WHERE "users"."id" = $3[0m  [["posts_count", 1], ["updated_at", "2023-08-23 05:57:20.947166"], ["id", 4]]
  [1m[36mTRANSACTION (3.5ms)[0m  [1m[35mCOMMIT[0m
  [1m[36mTRANSACTION (0.8ms)[0m  [1m[35mBEGIN[0m
  [1m[36mPost Create (2.0ms)[0m  [1m[32mINSERT INTO "posts" ("author_id", "title", "text", "comments_counter", "likes_counter", "created_at", "updated_at") VALUES ($1, $2, $3, $4, $5, $6, $7) RETURNING "id"[0m  [["author_id", 4], ["title", "Good morning"], ["text", "This is the end"], ["comments_counter", 0], ["likes_counter", 0], ["created_at", "2023-08-23 05:57:20.961697"], ["updated_at", "2023-08-23 05:57:20.961697"]]
  [1m[36mPost Count (2.1ms)[0m  [1m[34mSELECT COUNT(*) FROM "posts" WHERE "posts"."author_id" = $1[0m  [["author_id", 4]]
  [1m[36mUser Update (1.7ms)[0m  [1m[33mUPDATE "users" SET "posts_count" = $1, "updated_at" = $2 WHERE "users"."id" = $3[0m  [["posts_count", 2], ["updated_at", "2023-08-23 05:57:20.988549"], ["id", 4]]
  [1m[36mTRANSACTION (1.5ms)[0m  [1m[35mCOMMIT[0m
Started GET "/" for 127.0.0.1 at 2023-08-23 08:58:22 +0300
Processing by UsersController#index as HTML
  Rendering layout layouts/application.html.erb
  Rendering users/index.html.erb within layouts/application
  [1m[36mUser Load (2.0ms)[0m  [1m[34mSELECT "users".* FROM "users"[0m
  ↳ app/views/users/index.html.erb:2
  Rendered collection of users/_user.html.erb [4 times] (Duration: 3.2ms | Allocations: 240)
  Rendered users/index.html.erb within layouts/application (Duration: 16.7ms | Allocations: 1050)
  Rendered layout layouts/application.html.erb (Duration: 63.1ms | Allocations: 3528)
Completed 200 OK in 76ms (Views: 64.8ms | ActiveRecord: 2.0ms | Allocations: 3816)


Started GET "/users/4" for 127.0.0.1 at 2023-08-23 08:58:27 +0300
Processing by UsersController#show as HTML
  Parameters: {"id"=>"4"}
  [1m[36mUser Load (0.8ms)[0m  [1m[34mSELECT "users".* FROM "users" WHERE "users"."id" = $1 LIMIT $2[0m  [["id", 4], ["LIMIT", 1]]
  ↳ app/controllers/users_controller.rb:7:in `show'
  Rendering layout layouts/application.html.erb
  Rendering users/show.html.erb within layouts/application
  Rendered users/_user.html.erb (Duration: 0.5ms | Allocations: 71)
  [1m[36mPost Load (0.8ms)[0m  [1m[34mSELECT "posts".* FROM "posts" WHERE "posts"."author_id" = $1[0m  [["author_id", 4]]
  ↳ app/views/users/show.html.erb:13
  Rendered collection of posts/_post.html.erb [2 times] (Duration: 0.8ms | Allocations: 125)
  Rendered users/show.html.erb within layouts/application (Duration: 8.8ms | Allocations: 1206)
  Rendered layout layouts/application.html.erb (Duration: 30.7ms | Allocations: 3705)
Completed 200 OK in 42ms (Views: 32.6ms | ActiveRecord: 1.6ms | Allocations: 4514)


Started GET "/users/4" for 127.0.0.1 at 2023-08-23 08:58:53 +0300
Processing by UsersController#show as HTML
  Parameters: {"id"=>"4"}
  [1m[36mUser Load (1.1ms)[0m  [1m[34mSELECT "users".* FROM "users" WHERE "users"."id" = $1 LIMIT $2[0m  [["id", 4], ["LIMIT", 1]]
  ↳ app/controllers/users_controller.rb:7:in `show'
  Rendering layout layouts/application.html.erb
  Rendering users/show.html.erb within layouts/application
  Rendered users/_user.html.erb (Duration: 0.6ms | Allocations: 71)
  [1m[36mPost Load (1.3ms)[0m  [1m[34mSELECT "posts".* FROM "posts" WHERE "posts"."author_id" = $1[0m  [["author_id", 4]]
  ↳ app/views/users/show.html.erb:13
  Rendered collection of posts/_post.html.erb [2 times] (Duration: 1.3ms | Allocations: 125)
  Rendered users/show.html.erb within layouts/application (Duration: 19.7ms | Allocations: 1206)
  Rendered layout layouts/application.html.erb (Duration: 51.9ms | Allocations: 3712)
Completed 200 OK in 72ms (Views: 54.9ms | ActiveRecord: 2.4ms | Allocations: 4519)


  [1m[36mTRANSACTION (0.5ms)[0m  [1m[35mBEGIN[0m
  [1m[36mComment Create (3.4ms)[0m  [1m[32mINSERT INTO "comments" ("author_id", "post_id", "text", "created_at", "updated_at") VALUES ($1, $2, $3, $4, $5) RETURNING "id"[0m  [["author_id", 4], ["post_id", 3], ["text", "Guys feel free to leave your comments here!"], ["created_at", "2023-08-23 06:01:30.057357"], ["updated_at", "2023-08-23 06:01:30.057357"]]
  [1m[36mComment Count (5.5ms)[0m  [1m[34mSELECT COUNT(*) FROM "comments" WHERE "comments"."post_id" = $1[0m  [["post_id", 3]]
  [1m[36mPost Update (1.5ms)[0m  [1m[33mUPDATE "posts" SET "comments_counter" = $1, "updated_at" = $2 WHERE "posts"."id" = $3[0m  [["comments_counter", 1], ["updated_at", "2023-08-23 06:01:30.077293"], ["id", 3]]
  [1m[36mTRANSACTION (3.0ms)[0m  [1m[35mCOMMIT[0m
  [1m[36mTRANSACTION (0.6ms)[0m  [1m[35mBEGIN[0m
  [1m[36mComment Create (0.9ms)[0m  [1m[32mINSERT INTO "comments" ("author_id", "post_id", "text", "created_at", "updated_at") VALUES ($1, $2, $3, $4, $5) RETURNING "id"[0m  [["author_id", 4], ["post_id", 4], ["text", "Guys feel free to leave your comments here!"], ["created_at", "2023-08-23 06:01:46.362335"], ["updated_at", "2023-08-23 06:01:46.362335"]]
  [1m[36mComment Count (0.6ms)[0m  [1m[34mSELECT COUNT(*) FROM "comments" WHERE "comments"."post_id" = $1[0m  [["post_id", 4]]
  [1m[36mPost Update (0.6ms)[0m  [1m[33mUPDATE "posts" SET "comments_counter" = $1, "updated_at" = $2 WHERE "posts"."id" = $3[0m  [["comments_counter", 1], ["updated_at", "2023-08-23 06:01:46.371627"], ["id", 4]]
  [1m[36mTRANSACTION (2.7ms)[0m  [1m[35mCOMMIT[0m
